<?xml version="1.0" encoding="UTF-8"?>
<testng-results skipped="0" failed="0" total="2" passed="2">
  <reporter-output>
  </reporter-output>
  <suite name="com.smart.service.UserServiceTest" duration-ms="969" started-at="2019-09-16T14:42:47Z" finished-at="2019-09-16T14:42:48Z">
    <groups>
    </groups>
    <test name="Command line test" duration-ms="969" started-at="2019-09-16T14:42:47Z" finished-at="2019-09-16T14:42:48Z">
      <class name="com.smart.service.UserServiceTest">
        <test-method status="PASS" signature="springTestContextBeforeTestClass()[pri:0, instance:com.smart.service.UserServiceTest@1f7030a6]" name="springTestContextBeforeTestClass" is-config="true" duration-ms="7" started-at="2019-09-16T22:42:47Z" finished-at="2019-09-16T22:42:47Z">
          <reporter-output>
          </reporter-output>
        </test-method> <!-- springTestContextBeforeTestClass -->
        <test-method status="PASS" signature="springTestContextPrepareTestInstance()[pri:0, instance:com.smart.service.UserServiceTest@1f7030a6]" name="springTestContextPrepareTestInstance" is-config="true" duration-ms="686" started-at="2019-09-16T22:42:47Z" depends-on-methods="org.springframework.test.context.testng.AbstractTestNGSpringContextTests.springTestContextBeforeTestClass" finished-at="2019-09-16T22:42:48Z">
          <reporter-output>
          </reporter-output>
        </test-method> <!-- springTestContextPrepareTestInstance -->
        <test-method status="PASS" signature="springTestContextBeforeTestMethod(java.lang.reflect.Method)[pri:0, instance:com.smart.service.UserServiceTest@1f7030a6]" name="springTestContextBeforeTestMethod" is-config="true" duration-ms="225" started-at="2019-09-16T22:42:48Z" finished-at="2019-09-16T22:42:48Z">
          <params>
            <param index="0">
              <value>
                <![CDATA[public void com.smart.service.UserServiceTest.findUserByUserName()]]>
              </value>
            </param>
          </params>
          <reporter-output>
          </reporter-output>
        </test-method> <!-- springTestContextBeforeTestMethod -->
        <test-method status="PASS" signature="findUserByUserName()[pri:0, instance:com.smart.service.UserServiceTest@1f7030a6]" name="findUserByUserName" duration-ms="32" started-at="2019-09-16T22:42:48Z" finished-at="2019-09-16T22:42:48Z">
          <reporter-output>
          </reporter-output>
        </test-method> <!-- findUserByUserName -->
        <test-method status="PASS" signature="springTestContextAfterTestMethod(java.lang.reflect.Method)[pri:0, instance:com.smart.service.UserServiceTest@1f7030a6]" name="springTestContextAfterTestMethod" is-config="true" duration-ms="2" started-at="2019-09-16T22:42:48Z" finished-at="2019-09-16T22:42:48Z">
          <params>
            <param index="0">
              <value>
                <![CDATA[public void com.smart.service.UserServiceTest.findUserByUserName()]]>
              </value>
            </param>
          </params>
          <reporter-output>
          </reporter-output>
        </test-method> <!-- springTestContextAfterTestMethod -->
        <test-method status="PASS" signature="springTestContextBeforeTestMethod(java.lang.reflect.Method)[pri:0, instance:com.smart.service.UserServiceTest@1f7030a6]" name="springTestContextBeforeTestMethod" is-config="true" duration-ms="4" started-at="2019-09-16T22:42:48Z" finished-at="2019-09-16T22:42:48Z">
          <params>
            <param index="0">
              <value>
                <![CDATA[public void com.smart.service.UserServiceTest.hasMatchUser()]]>
              </value>
            </param>
          </params>
          <reporter-output>
          </reporter-output>
        </test-method> <!-- springTestContextBeforeTestMethod -->
        <test-method status="PASS" signature="hasMatchUser()[pri:0, instance:com.smart.service.UserServiceTest@1f7030a6]" name="hasMatchUser" duration-ms="4" started-at="2019-09-16T22:42:48Z" finished-at="2019-09-16T22:42:48Z">
          <reporter-output>
          </reporter-output>
        </test-method> <!-- hasMatchUser -->
        <test-method status="PASS" signature="springTestContextAfterTestMethod(java.lang.reflect.Method)[pri:0, instance:com.smart.service.UserServiceTest@1f7030a6]" name="springTestContextAfterTestMethod" is-config="true" duration-ms="2" started-at="2019-09-16T22:42:48Z" finished-at="2019-09-16T22:42:48Z">
          <params>
            <param index="0">
              <value>
                <![CDATA[public void com.smart.service.UserServiceTest.hasMatchUser()]]>
              </value>
            </param>
          </params>
          <reporter-output>
          </reporter-output>
        </test-method> <!-- springTestContextAfterTestMethod -->
        <test-method status="PASS" signature="springTestContextAfterTestClass()[pri:0, instance:com.smart.service.UserServiceTest@1f7030a6]" name="springTestContextAfterTestClass" is-config="true" duration-ms="0" started-at="2019-09-16T22:42:48Z" finished-at="2019-09-16T22:42:48Z">
          <reporter-output>
          </reporter-output>
        </test-method> <!-- springTestContextAfterTestClass -->
      </class> <!-- com.smart.service.UserServiceTest -->
    </test> <!-- Command line test -->
  </suite> <!-- com.smart.service.UserServiceTest -->
</testng-results>
